0 info it worked if it ends with ok
1 verbose cli [ 'C:\\Program Files\\nodejs\\\\node.exe',
1 verbose cli   'C:\\Program Files\\nodejs\\node_modules\\npm\\bin\\npm-cli.js',
1 verbose cli   'install',
1 verbose cli   'pgwlideshow' ]
2 info using npm@1.4.14
3 info using node@v0.10.29
4 verbose node symlink C:\Program Files\nodejs\\node.exe
5 verbose cache add [ 'pgwlideshow', null ]
6 verbose cache add name=undefined spec="pgwlideshow" args=["pgwlideshow",null]
7 verbose parsed url { protocol: null,
7 verbose parsed url   slashes: null,
7 verbose parsed url   auth: null,
7 verbose parsed url   host: null,
7 verbose parsed url   port: null,
7 verbose parsed url   hostname: null,
7 verbose parsed url   hash: null,
7 verbose parsed url   search: null,
7 verbose parsed url   query: null,
7 verbose parsed url   pathname: 'pgwlideshow',
7 verbose parsed url   path: 'pgwlideshow',
7 verbose parsed url   href: 'pgwlideshow' }
8 silly lockFile aa869480-pgwlideshow pgwlideshow
9 verbose lock pgwlideshow C:\Users\Cami\AppData\Roaming\npm-cache\aa869480-pgwlideshow.lock
10 silly lockFile aa869480-pgwlideshow pgwlideshow
11 silly lockFile aa869480-pgwlideshow pgwlideshow
12 verbose addNamed [ 'pgwlideshow', '' ]
13 verbose addNamed [ null, '*' ]
14 silly lockFile 2f0f2af1-pgwlideshow pgwlideshow@
15 verbose lock pgwlideshow@ C:\Users\Cami\AppData\Roaming\npm-cache\2f0f2af1-pgwlideshow.lock
16 silly addNameRange { name: 'pgwlideshow', range: '*', hasData: false }
17 verbose url raw pgwlideshow
18 verbose url resolving [ 'https://registry.npmjs.org/', './pgwlideshow' ]
19 verbose url resolved https://registry.npmjs.org/pgwlideshow
20 info trying registry request attempt 1 at 18:52:06
21 http GET https://registry.npmjs.org/pgwlideshow
22 http 404 https://registry.npmjs.org/pgwlideshow
23 silly registry.get cb [ 404,
23 silly registry.get   { 'content-type': 'application/json',
23 silly registry.get     'cache-control': 'max-age=0',
23 silly registry.get     'content-length': '2',
23 silly registry.get     'accept-ranges': 'bytes',
23 silly registry.get     date: 'Mon, 31 Aug 2015 23:52:07 GMT',
23 silly registry.get     via: '1.1 varnish',
23 silly registry.get     age: '0',
23 silly registry.get     connection: 'keep-alive',
23 silly registry.get     'x-served-by': 'cache-jfk1027-JFK',
23 silly registry.get     'x-cache': 'MISS',
23 silly registry.get     'x-cache-hits': '0',
23 silly registry.get     'x-timer': 'S1441065127.217047,VS0,VE86' } ]
24 silly lockFile 2f0f2af1-pgwlideshow pgwlideshow@
25 silly lockFile 2f0f2af1-pgwlideshow pgwlideshow@
26 error 404 Not Found
26 error 404
26 error 404 'pgwlideshow' is not in the npm registry.
26 error 404 You should bug the author to publish it
26 error 404
26 error 404 Note that you can also install from a
26 error 404 tarball, folder, or http url, or git url.
27 error System Windows_NT 6.2.9200
28 error command "C:\\Program Files\\nodejs\\\\node.exe" "C:\\Program Files\\nodejs\\node_modules\\npm\\bin\\npm-cli.js" "install" "pgwlideshow"
29 error cwd C:\Users\Cami\Documents\inku-gallery
30 error node -v v0.10.29
31 error npm -v 1.4.14
32 error code E404
33 verbose exit [ 1, true ]
